{"C:\\Users\\Joel\\Desktop\\JOEL\\ADS\\6-periodo\\teste-de-software-2\\teste-integracao\\aaaa\\app.js": {"path":"C:\\Users\\Joel\\Desktop\\JOEL\\ADS\\6-periodo\\teste-de-software-2\\teste-integracao\\aaaa\\app.js","statementMap":{"0":{"start":{"line":1,"column":16},"end":{"line":1,"column":34}},"1":{"start":{"line":3,"column":13},"end":{"line":3,"column":28}},"2":{"start":{"line":4,"column":12},"end":{"line":4,"column":21}},"3":{"start":{"line":6,"column":0},"end":{"line":6,"column":16}},"4":{"start":{"line":7,"column":0},"end":{"line":7,"column":24}},"5":{"start":{"line":9,"column":13},"end":{"line":9,"column":39}},"6":{"start":{"line":10,"column":0},"end":{"line":10,"column":7}},"7":{"start":{"line":12,"column":15},"end":{"line":12,"column":41}},"8":{"start":{"line":13,"column":0},"end":{"line":13,"column":23}},"9":{"start":{"line":15,"column":13},"end":{"line":15,"column":17}},"10":{"start":{"line":16,"column":0},"end":{"line":20,"column":1}},"11":{"start":{"line":17,"column":2},"end":{"line":19,"column":5}},"12":{"start":{"line":18,"column":24},"end":{"line":18,"column":89}},"13":{"start":{"line":22,"column":0},"end":{"line":22,"column":21}},"14":{"start":{"line":29,"column":85},"end":{"line":29,"column":40362}},"15":{"start":{"line":29,"column":89},"end":{"line":29,"column":40351}}},"fnMap":{"0":{"name":"(anonymous_0)","decl":{"start":{"line":17,"column":19},"end":{"line":17,"column":20}},"loc":{"start":{"line":17,"column":31},"end":{"line":19,"column":3}},"line":17},"1":{"name":"oo_cm","decl":{"start":{"line":29,"column":77},"end":{"line":29,"column":82}},"loc":{"start":{"line":29,"column":84},"end":{"line":29,"column":40363}},"line":29}},"branchMap":{"0":{"loc":{"start":{"line":16,"column":0},"end":{"line":20,"column":1}},"type":"if","locations":[{"start":{"line":16,"column":0},"end":{"line":20,"column":1}},{"start":{},"end":{}}],"line":16},"1":{"loc":{"start":{"line":29,"column":96},"end":{"line":29,"column":40350}},"type":"binary-expr","locations":[{"start":{"line":29,"column":96},"end":{"line":29,"column":133}},{"start":{"line":29,"column":137},"end":{"line":29,"column":40350}}],"line":29}},"s":{"0":1,"1":1,"2":1,"3":1,"4":1,"5":1,"6":1,"7":1,"8":1,"9":1,"10":1,"11":0,"12":0,"13":1,"14":0,"15":0},"f":{"0":0,"1":0},"b":{"0":[0,1],"1":[0,0]},"_coverageSchema":"1a1c01bbd47fc00a2c39e90264f33305004495a9","hash":"92e25f0f79ab4d767a28329267782e7858706fc7"}
,"C:\\Users\\Joel\\Desktop\\JOEL\\ADS\\6-periodo\\teste-de-software-2\\teste-integracao\\aaaa\\controllers\\disciplineController.js": {"path":"C:\\Users\\Joel\\Desktop\\JOEL\\ADS\\6-periodo\\teste-de-software-2\\teste-integracao\\aaaa\\controllers\\disciplineController.js","statementMap":{"0":{"start":{"line":1,"column":13},"end":{"line":1,"column":40}},"1":{"start":{"line":2,"column":52},"end":{"line":2,"column":83}},"2":{"start":{"line":4,"column":29},"end":{"line":56,"column":1}},"3":{"start":{"line":6,"column":4},"end":{"line":15,"column":5}},"4":{"start":{"line":7,"column":25},"end":{"line":10,"column":7}},"5":{"start":{"line":11,"column":23},"end":{"line":11,"column":63}},"6":{"start":{"line":12,"column":6},"end":{"line":12,"column":77}},"7":{"start":{"line":14,"column":26},"end":{"line":14,"column":80}},"8":{"start":{"line":19,"column":18},"end":{"line":19,"column":48}},"9":{"start":{"line":20,"column":4},"end":{"line":20,"column":34}},"10":{"start":{"line":24,"column":4},"end":{"line":30,"column":5}},"11":{"start":{"line":25,"column":17},"end":{"line":25,"column":30}},"12":{"start":{"line":26,"column":20},"end":{"line":26,"column":62}},"13":{"start":{"line":27,"column":6},"end":{"line":27,"column":36}},"14":{"start":{"line":29,"column":26},"end":{"line":29,"column":81}},"15":{"start":{"line":34,"column":4},"end":{"line":40,"column":5}},"16":{"start":{"line":35,"column":17},"end":{"line":35,"column":30}},"17":{"start":{"line":36,"column":20},"end":{"line":36,"column":60}},"18":{"start":{"line":37,"column":6},"end":{"line":37,"column":36}},"19":{"start":{"line":39,"column":26},"end":{"line":39,"column":81}},"20":{"start":{"line":44,"column":4},"end":{"line":54,"column":5}},"21":{"start":{"line":45,"column":17},"end":{"line":45,"column":30}},"22":{"start":{"line":46,"column":22},"end":{"line":49,"column":7}},"23":{"start":{"line":50,"column":20},"end":{"line":50,"column":78}},"24":{"start":{"line":51,"column":6},"end":{"line":51,"column":36}},"25":{"start":{"line":53,"column":26},"end":{"line":53,"column":81}},"26":{"start":{"line":58,"column":0},"end":{"line":58,"column":38}},"27":{"start":{"line":65,"column":85},"end":{"line":65,"column":40362}},"28":{"start":{"line":65,"column":89},"end":{"line":65,"column":40351}}},"fnMap":{"0":{"name":"(anonymous_0)","decl":{"start":{"line":5,"column":10},"end":{"line":5,"column":11}},"loc":{"start":{"line":5,"column":28},"end":{"line":16,"column":3}},"line":5},"1":{"name":"(anonymous_1)","decl":{"start":{"line":18,"column":11},"end":{"line":18,"column":12}},"loc":{"start":{"line":18,"column":28},"end":{"line":21,"column":3}},"line":18},"2":{"name":"(anonymous_2)","decl":{"start":{"line":23,"column":10},"end":{"line":23,"column":11}},"loc":{"start":{"line":23,"column":28},"end":{"line":31,"column":3}},"line":23},"3":{"name":"(anonymous_3)","decl":{"start":{"line":33,"column":11},"end":{"line":33,"column":12}},"loc":{"start":{"line":33,"column":28},"end":{"line":41,"column":3}},"line":33},"4":{"name":"(anonymous_4)","decl":{"start":{"line":43,"column":10},"end":{"line":43,"column":11}},"loc":{"start":{"line":43,"column":27},"end":{"line":55,"column":3}},"line":43},"5":{"name":"oo_cm","decl":{"start":{"line":65,"column":77},"end":{"line":65,"column":82}},"loc":{"start":{"line":65,"column":84},"end":{"line":65,"column":40363}},"line":65}},"branchMap":{"0":{"loc":{"start":{"line":65,"column":96},"end":{"line":65,"column":40350}},"type":"binary-expr","locations":[{"start":{"line":65,"column":96},"end":{"line":65,"column":133}},{"start":{"line":65,"column":137},"end":{"line":65,"column":40350}}],"line":65}},"s":{"0":1,"1":1,"2":1,"3":1,"4":1,"5":1,"6":1,"7":0,"8":1,"9":1,"10":0,"11":0,"12":0,"13":0,"14":0,"15":0,"16":0,"17":0,"18":0,"19":0,"20":1,"21":1,"22":1,"23":1,"24":1,"25":0,"26":1,"27":0,"28":0},"f":{"0":1,"1":1,"2":0,"3":0,"4":1,"5":0},"b":{"0":[0,0]},"_coverageSchema":"1a1c01bbd47fc00a2c39e90264f33305004495a9","hash":"e4bee3d264b1782523656eafb8b35a9541c73284"}
,"C:\\Users\\Joel\\Desktop\\JOEL\\ADS\\6-periodo\\teste-de-software-2\\teste-integracao\\aaaa\\controllers\\studentController.js": {"path":"C:\\Users\\Joel\\Desktop\\JOEL\\ADS\\6-periodo\\teste-de-software-2\\teste-integracao\\aaaa\\controllers\\studentController.js","statementMap":{"0":{"start":{"line":1,"column":13},"end":{"line":1,"column":40}},"1":{"start":{"line":2,"column":43},"end":{"line":2,"column":71}},"2":{"start":{"line":4,"column":26},"end":{"line":66,"column":1}},"3":{"start":{"line":6,"column":4},"end":{"line":20,"column":5}},"4":{"start":{"line":7,"column":22},"end":{"line":15,"column":7}},"5":{"start":{"line":16,"column":23},"end":{"line":16,"column":57}},"6":{"start":{"line":17,"column":6},"end":{"line":17,"column":72}},"7":{"start":{"line":19,"column":26},"end":{"line":19,"column":80}},"8":{"start":{"line":24,"column":18},"end":{"line":24,"column":45}},"9":{"start":{"line":25,"column":4},"end":{"line":25,"column":34}},"10":{"start":{"line":29,"column":4},"end":{"line":35,"column":5}},"11":{"start":{"line":30,"column":17},"end":{"line":30,"column":30}},"12":{"start":{"line":31,"column":20},"end":{"line":31,"column":59}},"13":{"start":{"line":32,"column":6},"end":{"line":32,"column":36}},"14":{"start":{"line":34,"column":26},"end":{"line":34,"column":81}},"15":{"start":{"line":39,"column":4},"end":{"line":45,"column":5}},"16":{"start":{"line":40,"column":17},"end":{"line":40,"column":30}},"17":{"start":{"line":41,"column":20},"end":{"line":41,"column":57}},"18":{"start":{"line":42,"column":6},"end":{"line":42,"column":36}},"19":{"start":{"line":44,"column":26},"end":{"line":44,"column":81}},"20":{"start":{"line":49,"column":4},"end":{"line":64,"column":5}},"21":{"start":{"line":50,"column":17},"end":{"line":50,"column":30}},"22":{"start":{"line":51,"column":22},"end":{"line":59,"column":7}},"23":{"start":{"line":60,"column":20},"end":{"line":60,"column":75}},"24":{"start":{"line":61,"column":6},"end":{"line":61,"column":36}},"25":{"start":{"line":63,"column":26},"end":{"line":63,"column":81}},"26":{"start":{"line":68,"column":0},"end":{"line":68,"column":35}},"27":{"start":{"line":75,"column":85},"end":{"line":75,"column":40362}},"28":{"start":{"line":75,"column":89},"end":{"line":75,"column":40351}}},"fnMap":{"0":{"name":"(anonymous_0)","decl":{"start":{"line":5,"column":10},"end":{"line":5,"column":11}},"loc":{"start":{"line":5,"column":28},"end":{"line":21,"column":3}},"line":5},"1":{"name":"(anonymous_1)","decl":{"start":{"line":23,"column":11},"end":{"line":23,"column":12}},"loc":{"start":{"line":23,"column":28},"end":{"line":26,"column":3}},"line":23},"2":{"name":"(anonymous_2)","decl":{"start":{"line":28,"column":10},"end":{"line":28,"column":11}},"loc":{"start":{"line":28,"column":27},"end":{"line":36,"column":3}},"line":28},"3":{"name":"(anonymous_3)","decl":{"start":{"line":38,"column":11},"end":{"line":38,"column":12}},"loc":{"start":{"line":38,"column":28},"end":{"line":46,"column":3}},"line":38},"4":{"name":"(anonymous_4)","decl":{"start":{"line":48,"column":10},"end":{"line":48,"column":11}},"loc":{"start":{"line":48,"column":27},"end":{"line":65,"column":3}},"line":48},"5":{"name":"oo_cm","decl":{"start":{"line":75,"column":77},"end":{"line":75,"column":82}},"loc":{"start":{"line":75,"column":84},"end":{"line":75,"column":40363}},"line":75}},"branchMap":{"0":{"loc":{"start":{"line":75,"column":96},"end":{"line":75,"column":40350}},"type":"binary-expr","locations":[{"start":{"line":75,"column":96},"end":{"line":75,"column":133}},{"start":{"line":75,"column":137},"end":{"line":75,"column":40350}}],"line":75}},"s":{"0":1,"1":1,"2":1,"3":1,"4":1,"5":1,"6":1,"7":0,"8":1,"9":1,"10":0,"11":0,"12":0,"13":0,"14":0,"15":0,"16":0,"17":0,"18":0,"19":0,"20":0,"21":0,"22":0,"23":0,"24":0,"25":0,"26":1,"27":0,"28":0},"f":{"0":1,"1":1,"2":0,"3":0,"4":0,"5":0},"b":{"0":[0,0]},"_coverageSchema":"1a1c01bbd47fc00a2c39e90264f33305004495a9","hash":"32b3b1085f710745039b43c8e2ce574e79892c3a"}
,"C:\\Users\\Joel\\Desktop\\JOEL\\ADS\\6-periodo\\teste-de-software-2\\teste-integracao\\aaaa\\database\\conn.js": {"path":"C:\\Users\\Joel\\Desktop\\JOEL\\ADS\\6-periodo\\teste-de-software-2\\teste-integracao\\aaaa\\database\\conn.js","statementMap":{"0":{"start":{"line":1,"column":17},"end":{"line":1,"column":36}},"1":{"start":{"line":4,"column":2},"end":{"line":13,"column":3}},"2":{"start":{"line":5,"column":4},"end":{"line":5,"column":37}},"3":{"start":{"line":7,"column":4},"end":{"line":7,"column":141}},"4":{"start":{"line":9,"column":24},"end":{"line":9,"column":93}},"5":{"start":{"line":12,"column":24},"end":{"line":12,"column":90}},"6":{"start":{"line":15,"column":0},"end":{"line":15,"column":22}},"7":{"start":{"line":22,"column":85},"end":{"line":22,"column":40362}},"8":{"start":{"line":22,"column":89},"end":{"line":22,"column":40351}}},"fnMap":{"0":{"name":"main","decl":{"start":{"line":3,"column":15},"end":{"line":3,"column":19}},"loc":{"start":{"line":3,"column":21},"end":{"line":14,"column":1}},"line":3},"1":{"name":"oo_cm","decl":{"start":{"line":22,"column":77},"end":{"line":22,"column":82}},"loc":{"start":{"line":22,"column":84},"end":{"line":22,"column":40363}},"line":22}},"branchMap":{"0":{"loc":{"start":{"line":22,"column":96},"end":{"line":22,"column":40350}},"type":"binary-expr","locations":[{"start":{"line":22,"column":96},"end":{"line":22,"column":133}},{"start":{"line":22,"column":137},"end":{"line":22,"column":40350}}],"line":22}},"s":{"0":1,"1":1,"2":1,"3":1,"4":1,"5":0,"6":1,"7":1,"8":1},"f":{"0":1,"1":1},"b":{"0":[1,1]},"_coverageSchema":"1a1c01bbd47fc00a2c39e90264f33305004495a9","hash":"ec30d8abb56387190cf726b94ef479307f37c6fc"}
,"C:\\Users\\Joel\\Desktop\\JOEL\\ADS\\6-periodo\\teste-de-software-2\\teste-integracao\\aaaa\\models\\Discipline.js": {"path":"C:\\Users\\Joel\\Desktop\\JOEL\\ADS\\6-periodo\\teste-de-software-2\\teste-integracao\\aaaa\\models\\Discipline.js","statementMap":{"0":{"start":{"line":1,"column":17},"end":{"line":1,"column":36}},"1":{"start":{"line":2,"column":16},"end":{"line":2,"column":24}},"2":{"start":{"line":4,"column":25},"end":{"line":15,"column":1}},"3":{"start":{"line":17,"column":19},"end":{"line":17,"column":61}},"4":{"start":{"line":18,"column":0},"end":{"line":21,"column":2}}},"fnMap":{},"branchMap":{},"s":{"0":1,"1":1,"2":1,"3":1,"4":1},"f":{},"b":{},"_coverageSchema":"1a1c01bbd47fc00a2c39e90264f33305004495a9","hash":"3967171796dd3c2a512313410bfa8b35cfebe714"}
,"C:\\Users\\Joel\\Desktop\\JOEL\\ADS\\6-periodo\\teste-de-software-2\\teste-integracao\\aaaa\\models\\Student.js": {"path":"C:\\Users\\Joel\\Desktop\\JOEL\\ADS\\6-periodo\\teste-de-software-2\\teste-integracao\\aaaa\\models\\Student.js","statementMap":{"0":{"start":{"line":1,"column":17},"end":{"line":1,"column":36}},"1":{"start":{"line":2,"column":19},"end":{"line":2,"column":27}},"2":{"start":{"line":4,"column":22},"end":{"line":33,"column":2}},"3":{"start":{"line":35,"column":16},"end":{"line":35,"column":56}},"4":{"start":{"line":36,"column":0},"end":{"line":38,"column":1}}},"fnMap":{},"branchMap":{},"s":{"0":1,"1":1,"2":1,"3":1,"4":1},"f":{},"b":{},"_coverageSchema":"1a1c01bbd47fc00a2c39e90264f33305004495a9","hash":"c31a768d9e0303dde00766babb9d725eabecf550"}
,"C:\\Users\\Joel\\Desktop\\JOEL\\ADS\\6-periodo\\teste-de-software-2\\teste-integracao\\aaaa\\routes\\discipline.js": {"path":"C:\\Users\\Joel\\Desktop\\JOEL\\ADS\\6-periodo\\teste-de-software-2\\teste-integracao\\aaaa\\routes\\discipline.js","statementMap":{"0":{"start":{"line":1,"column":15},"end":{"line":1,"column":42}},"1":{"start":{"line":2,"column":29},"end":{"line":2,"column":75}},"2":{"start":{"line":4,"column":0},"end":{"line":4,"column":84}},"3":{"start":{"line":4,"column":46},"end":{"line":4,"column":82}},"4":{"start":{"line":5,"column":0},"end":{"line":5,"column":88}},"5":{"start":{"line":5,"column":49},"end":{"line":5,"column":86}},"6":{"start":{"line":6,"column":0},"end":{"line":6,"column":95}},"7":{"start":{"line":6,"column":57},"end":{"line":6,"column":93}},"8":{"start":{"line":7,"column":0},"end":{"line":7,"column":88}},"9":{"start":{"line":7,"column":49},"end":{"line":7,"column":86}},"10":{"start":{"line":8,"column":0},"end":{"line":8,"column":92}},"11":{"start":{"line":8,"column":54},"end":{"line":8,"column":90}},"12":{"start":{"line":10,"column":0},"end":{"line":10,"column":24}}},"fnMap":{"0":{"name":"(anonymous_0)","decl":{"start":{"line":4,"column":33},"end":{"line":4,"column":34}},"loc":{"start":{"line":4,"column":46},"end":{"line":4,"column":82}},"line":4},"1":{"name":"(anonymous_1)","decl":{"start":{"line":5,"column":36},"end":{"line":5,"column":37}},"loc":{"start":{"line":5,"column":49},"end":{"line":5,"column":86}},"line":5},"2":{"name":"(anonymous_2)","decl":{"start":{"line":6,"column":44},"end":{"line":6,"column":45}},"loc":{"start":{"line":6,"column":57},"end":{"line":6,"column":93}},"line":6},"3":{"name":"(anonymous_3)","decl":{"start":{"line":7,"column":36},"end":{"line":7,"column":37}},"loc":{"start":{"line":7,"column":49},"end":{"line":7,"column":86}},"line":7},"4":{"name":"(anonymous_4)","decl":{"start":{"line":8,"column":41},"end":{"line":8,"column":42}},"loc":{"start":{"line":8,"column":54},"end":{"line":8,"column":90}},"line":8}},"branchMap":{},"s":{"0":1,"1":1,"2":1,"3":1,"4":1,"5":1,"6":1,"7":0,"8":1,"9":0,"10":1,"11":1,"12":1},"f":{"0":1,"1":1,"2":0,"3":0,"4":1},"b":{},"_coverageSchema":"1a1c01bbd47fc00a2c39e90264f33305004495a9","hash":"e3cd18eb1d140bf86634124bb47d87db748943c9"}
,"C:\\Users\\Joel\\Desktop\\JOEL\\ADS\\6-periodo\\teste-de-software-2\\teste-integracao\\aaaa\\routes\\router.js": {"path":"C:\\Users\\Joel\\Desktop\\JOEL\\ADS\\6-periodo\\teste-de-software-2\\teste-integracao\\aaaa\\routes\\router.js","statementMap":{"0":{"start":{"line":1,"column":15},"end":{"line":1,"column":42}},"1":{"start":{"line":2,"column":22},"end":{"line":2,"column":43}},"2":{"start":{"line":3,"column":25},"end":{"line":3,"column":48}},"3":{"start":{"line":5,"column":0},"end":{"line":5,"column":31}},"4":{"start":{"line":6,"column":0},"end":{"line":6,"column":34}},"5":{"start":{"line":8,"column":0},"end":{"line":8,"column":24}}},"fnMap":{},"branchMap":{},"s":{"0":1,"1":1,"2":1,"3":1,"4":1,"5":1},"f":{},"b":{},"_coverageSchema":"1a1c01bbd47fc00a2c39e90264f33305004495a9","hash":"57b155dbeed1b3d5584e014274b3adbb5c0a0aca"}
,"C:\\Users\\Joel\\Desktop\\JOEL\\ADS\\6-periodo\\teste-de-software-2\\teste-integracao\\aaaa\\routes\\students.js": {"path":"C:\\Users\\Joel\\Desktop\\JOEL\\ADS\\6-periodo\\teste-de-software-2\\teste-integracao\\aaaa\\routes\\students.js","statementMap":{"0":{"start":{"line":1,"column":15},"end":{"line":1,"column":42}},"1":{"start":{"line":2,"column":26},"end":{"line":2,"column":69}},"2":{"start":{"line":4,"column":0},"end":{"line":4,"column":79}},"3":{"start":{"line":4,"column":44},"end":{"line":4,"column":77}},"4":{"start":{"line":5,"column":0},"end":{"line":5,"column":83}},"5":{"start":{"line":5,"column":47},"end":{"line":5,"column":81}},"6":{"start":{"line":6,"column":0},"end":{"line":6,"column":90}},"7":{"start":{"line":6,"column":55},"end":{"line":6,"column":88}},"8":{"start":{"line":7,"column":0},"end":{"line":7,"column":83}},"9":{"start":{"line":7,"column":47},"end":{"line":7,"column":81}},"10":{"start":{"line":8,"column":0},"end":{"line":8,"column":87}},"11":{"start":{"line":8,"column":52},"end":{"line":8,"column":85}},"12":{"start":{"line":10,"column":0},"end":{"line":10,"column":24}}},"fnMap":{"0":{"name":"(anonymous_0)","decl":{"start":{"line":4,"column":31},"end":{"line":4,"column":32}},"loc":{"start":{"line":4,"column":44},"end":{"line":4,"column":77}},"line":4},"1":{"name":"(anonymous_1)","decl":{"start":{"line":5,"column":34},"end":{"line":5,"column":35}},"loc":{"start":{"line":5,"column":47},"end":{"line":5,"column":81}},"line":5},"2":{"name":"(anonymous_2)","decl":{"start":{"line":6,"column":42},"end":{"line":6,"column":43}},"loc":{"start":{"line":6,"column":55},"end":{"line":6,"column":88}},"line":6},"3":{"name":"(anonymous_3)","decl":{"start":{"line":7,"column":34},"end":{"line":7,"column":35}},"loc":{"start":{"line":7,"column":47},"end":{"line":7,"column":81}},"line":7},"4":{"name":"(anonymous_4)","decl":{"start":{"line":8,"column":39},"end":{"line":8,"column":40}},"loc":{"start":{"line":8,"column":52},"end":{"line":8,"column":85}},"line":8}},"branchMap":{},"s":{"0":1,"1":1,"2":1,"3":1,"4":1,"5":1,"6":1,"7":0,"8":1,"9":0,"10":1,"11":0,"12":1},"f":{"0":1,"1":1,"2":0,"3":0,"4":0},"b":{},"_coverageSchema":"1a1c01bbd47fc00a2c39e90264f33305004495a9","hash":"a75353b4d2f63b6d3f8a0eb1ea0eb3cd30e28552"}
}
