TN:
SF:app.js
FN:17,(anonymous_0)
FN:29,oo_cm
FNF:2
FNH:0
FNDA:0,(anonymous_0)
FNDA:0,oo_cm
DA:1,1
DA:3,1
DA:4,1
DA:6,1
DA:7,1
DA:9,1
DA:10,1
DA:12,1
DA:13,1
DA:15,1
DA:16,1
DA:17,0
DA:18,0
DA:22,1
DA:29,0
LF:15
LH:12
BRDA:16,0,0,0
BRDA:16,0,1,1
BRDA:29,1,0,0
BRDA:29,1,1,0
BRF:4
BRH:1
end_of_record
TN:
SF:controllers\disciplineController.js
FN:5,(anonymous_0)
FN:18,(anonymous_1)
FN:23,(anonymous_2)
FN:33,(anonymous_3)
FN:43,(anonymous_4)
FN:65,oo_cm
FNF:6
FNH:3
FNDA:1,(anonymous_0)
FNDA:1,(anonymous_1)
FNDA:0,(anonymous_2)
FNDA:0,(anonymous_3)
FNDA:1,(anonymous_4)
FNDA:0,oo_cm
DA:1,1
DA:2,1
DA:4,1
DA:6,1
DA:7,1
DA:11,1
DA:12,1
DA:14,0
DA:19,1
DA:20,1
DA:24,0
DA:25,0
DA:26,0
DA:27,0
DA:29,0
DA:34,0
DA:35,0
DA:36,0
DA:37,0
DA:39,0
DA:44,1
DA:45,1
DA:46,1
DA:50,1
DA:51,1
DA:53,0
DA:58,1
DA:65,0
LF:28
LH:15
BRDA:65,0,0,0
BRDA:65,0,1,0
BRF:2
BRH:0
end_of_record
TN:
SF:controllers\studentController.js
FN:5,(anonymous_0)
FN:23,(anonymous_1)
FN:28,(anonymous_2)
FN:38,(anonymous_3)
FN:48,(anonymous_4)
FN:75,oo_cm
FNF:6
FNH:2
FNDA:1,(anonymous_0)
FNDA:1,(anonymous_1)
FNDA:0,(anonymous_2)
FNDA:0,(anonymous_3)
FNDA:0,(anonymous_4)
FNDA:0,oo_cm
DA:1,1
DA:2,1
DA:4,1
DA:6,1
DA:7,1
DA:16,1
DA:17,1
DA:19,0
DA:24,1
DA:25,1
DA:29,0
DA:30,0
DA:31,0
DA:32,0
DA:34,0
DA:39,0
DA:40,0
DA:41,0
DA:42,0
DA:44,0
DA:49,0
DA:50,0
DA:51,0
DA:60,0
DA:61,0
DA:63,0
DA:68,1
DA:75,0
LF:28
LH:10
BRDA:75,0,0,0
BRDA:75,0,1,0
BRF:2
BRH:0
end_of_record
TN:
SF:database\conn.js
FN:3,main
FN:22,oo_cm
FNF:2
FNH:2
FNDA:1,main
FNDA:1,oo_cm
DA:1,1
DA:4,1
DA:5,1
DA:7,1
DA:9,1
DA:12,0
DA:15,1
DA:22,1
LF:8
LH:7
BRDA:22,0,0,1
BRDA:22,0,1,1
BRF:2
BRH:2
end_of_record
TN:
SF:models\Discipline.js
FNF:0
FNH:0
DA:1,1
DA:2,1
DA:4,1
DA:17,1
DA:18,1
LF:5
LH:5
BRF:0
BRH:0
end_of_record
TN:
SF:models\Student.js
FNF:0
FNH:0
DA:1,1
DA:2,1
DA:4,1
DA:35,1
DA:36,1
LF:5
LH:5
BRF:0
BRH:0
end_of_record
TN:
SF:routes\discipline.js
FN:4,(anonymous_0)
FN:5,(anonymous_1)
FN:6,(anonymous_2)
FN:7,(anonymous_3)
FN:8,(anonymous_4)
FNF:5
FNH:3
FNDA:1,(anonymous_0)
FNDA:1,(anonymous_1)
FNDA:0,(anonymous_2)
FNDA:0,(anonymous_3)
FNDA:1,(anonymous_4)
DA:1,1
DA:2,1
DA:4,1
DA:5,1
DA:6,1
DA:7,1
DA:8,1
DA:10,1
LF:8
LH:8
BRF:0
BRH:0
end_of_record
TN:
SF:routes\router.js
FNF:0
FNH:0
DA:1,1
DA:2,1
DA:3,1
DA:5,1
DA:6,1
DA:8,1
LF:6
LH:6
BRF:0
BRH:0
end_of_record
TN:
SF:routes\students.js
FN:4,(anonymous_0)
FN:5,(anonymous_1)
FN:6,(anonymous_2)
FN:7,(anonymous_3)
FN:8,(anonymous_4)
FNF:5
FNH:2
FNDA:1,(anonymous_0)
FNDA:1,(anonymous_1)
FNDA:0,(anonymous_2)
FNDA:0,(anonymous_3)
FNDA:0,(anonymous_4)
DA:1,1
DA:2,1
DA:4,1
DA:5,1
DA:6,1
DA:7,1
DA:8,1
DA:10,1
LF:8
LH:8
BRF:0
BRH:0
end_of_record
